Build started 7/10/2013 10:42:47 PM.
     1>Project "c:\Users\andorus911\Documents\GitHub\messenger-main-repo\lib_for_my_proj\lib_for_my_proj\lib_for_my_proj.vcxproj" on node 2 (rebuild target(s)).
     1>_PrepareForClean:
         Deleting file "Debug\lib_for_my_proj.lastbuildstate".
       InitializeBuildStatus:
         Creating "Debug\lib_for_my_proj.unsuccessfulbuild" because "AlwaysCreate" was specified.
       ClCompile:
         C:\Program Files\Microsoft Visual Studio 10.0\VC\bin\CL.exe /c /ZI /nologo /W3 /WX- /Od /Oy- /D WIN32 /D _DEBUG /D _WINDOWS /D _USRDLL /D LIB_FOR_MY_PROJ_EXPORTS /D _WINDLL /D _UNICODE /D UNICODE /Gm /EHsc /RTC1 /MDd /GS /fp:precise /Zc:wchar_t /Zc:forScope /Fo"Debug\\" /Fd"Debug\vc100.pdb" /Gd /TP /analyze- /errorReport:prompt lib_for_my_proj.cpp
         lib_for_my_proj.cpp
     1>c:\users\andorus911\documents\github\messenger-main-repo\lib_for_my_proj\lib_for_my_proj\lib_for_my_proj.cpp(4): warning C4273: 'lfmp::CSocket::close' : inconsistent dll linkage
                 c:\users\andorus911\documents\github\messenger-main-repo\lib_for_my_proj\lib_for_my_proj\lib_for_my_proj.h(18) : see previous definition of 'close'
     1>c:\users\andorus911\documents\github\messenger-main-repo\lib_for_my_proj\lib_for_my_proj\lib_for_my_proj.cpp(12): warning C4273: 'lfmp::CSocket::printerr' : inconsistent dll linkage
                 c:\users\andorus911\documents\github\messenger-main-repo\lib_for_my_proj\lib_for_my_proj\lib_for_my_proj.h(19) : see previous definition of 'printerr'
     1>c:\users\andorus911\documents\github\messenger-main-repo\lib_for_my_proj\lib_for_my_proj\lib_for_my_proj.cpp(18): warning C4273: 'lfmp::CSocket::start' : inconsistent dll linkage
                 c:\users\andorus911\documents\github\messenger-main-repo\lib_for_my_proj\lib_for_my_proj\lib_for_my_proj.h(20) : see previous definition of 'start'
     1>c:\users\andorus911\documents\github\messenger-main-repo\lib_for_my_proj\lib_for_my_proj\lib_for_my_proj.cpp(26): warning C4273: 'lfmp::CThread::crThread' : inconsistent dll linkage
                 c:\users\andorus911\documents\github\messenger-main-repo\lib_for_my_proj\lib_for_my_proj\lib_for_my_proj.h(32) : see previous definition of 'crThread'
     1>c:\users\andorus911\documents\github\messenger-main-repo\lib_for_my_proj\lib_for_my_proj\lib_for_my_proj.cpp(34): warning C4273: 'lfmp::CThread::wrThread' : inconsistent dll linkage
                 c:\users\andorus911\documents\github\messenger-main-repo\lib_for_my_proj\lib_for_my_proj\lib_for_my_proj.h(31) : see previous definition of 'wrThread'
       ManifestResourceCompile:
         C:\Program Files\Microsoft SDKs\Windows\v7.0A\bin\rc.exe /nologo /fo"Debug\lib_for_my_proj.dll.embed.manifest.res" Debug\lib_for_my_proj_manifest.rc 
       Link:
         C:\Program Files\Microsoft Visual Studio 10.0\VC\bin\link.exe /ERRORREPORT:PROMPT /OUT:"C:\Users\andorus911\Documents\GitHub\messenger-main-repo\lib_for_my_proj\Debug\lib_for_my_proj.dll" /INCREMENTAL /NOLOGO kernel32.lib user32.lib gdi32.lib winspool.lib comdlg32.lib advapi32.lib shell32.lib ole32.lib oleaut32.lib uuid.lib odbc32.lib odbccp32.lib /MANIFEST /ManifestFile:"Debug\lib_for_my_proj.dll.intermediate.manifest" /MANIFESTUAC:"level='asInvoker' uiAccess='false'" /DEBUG /PDB:"C:\Users\andorus911\Documents\GitHub\messenger-main-repo\lib_for_my_proj\Debug\lib_for_my_proj.pdb" /SUBSYSTEM:WINDOWS /TLBID:1 /DYNAMICBASE /NXCOMPAT /IMPLIB:"C:\Users\andorus911\Documents\GitHub\messenger-main-repo\lib_for_my_proj\Debug\lib_for_my_proj.lib" /MACHINE:X86 /DLL Debug\lib_for_my_proj.dll.embed.manifest.res
         Debug\lib_for_my_proj.obj
            Creating library C:\Users\andorus911\Documents\GitHub\messenger-main-repo\lib_for_my_proj\Debug\lib_for_my_proj.lib and object C:\Users\andorus911\Documents\GitHub\messenger-main-repo\lib_for_my_proj\Debug\lib_for_my_proj.exp
       Manifest:
         Deleting file "Debug\lib_for_my_proj.dll.embed.manifest".
         C:\Program Files\Microsoft SDKs\Windows\v7.0A\bin\mt.exe /nologo /verbose /out:"Debug\lib_for_my_proj.dll.embed.manifest" /manifest Debug\lib_for_my_proj.dll.intermediate.manifest
         C:\Program Files\Microsoft SDKs\Windows\v7.0A\bin\rc.exe /nologo /fo"Debug\lib_for_my_proj.dll.embed.manifest.res" Debug\lib_for_my_proj_manifest.rc 
       LinkEmbedManifest:
         C:\Program Files\Microsoft Visual Studio 10.0\VC\bin\link.exe /ERRORREPORT:PROMPT /OUT:"C:\Users\andorus911\Documents\GitHub\messenger-main-repo\lib_for_my_proj\Debug\lib_for_my_proj.dll" /INCREMENTAL /NOLOGO kernel32.lib user32.lib gdi32.lib winspool.lib comdlg32.lib advapi32.lib shell32.lib ole32.lib oleaut32.lib uuid.lib odbc32.lib odbccp32.lib /MANIFEST /ManifestFile:"Debug\lib_for_my_proj.dll.intermediate.manifest" /MANIFESTUAC:"level='asInvoker' uiAccess='false'" /DEBUG /PDB:"C:\Users\andorus911\Documents\GitHub\messenger-main-repo\lib_for_my_proj\Debug\lib_for_my_proj.pdb" /SUBSYSTEM:WINDOWS /TLBID:1 /DYNAMICBASE /NXCOMPAT /IMPLIB:"C:\Users\andorus911\Documents\GitHub\messenger-main-repo\lib_for_my_proj\Debug\lib_for_my_proj.lib" /MACHINE:X86 /DLL Debug\lib_for_my_proj.dll.embed.manifest.res
         Debug\lib_for_my_proj.obj
            Creating library C:\Users\andorus911\Documents\GitHub\messenger-main-repo\lib_for_my_proj\Debug\lib_for_my_proj.lib and object C:\Users\andorus911\Documents\GitHub\messenger-main-repo\lib_for_my_proj\Debug\lib_for_my_proj.exp
         lib_for_my_proj.vcxproj -> C:\Users\andorus911\Documents\GitHub\messenger-main-repo\lib_for_my_proj\Debug\lib_for_my_proj.dll
       FinalizeBuildStatus:
         Deleting file "Debug\lib_for_my_proj.unsuccessfulbuild".
         Touching "Debug\lib_for_my_proj.lastbuildstate".
     1>Done Building Project "c:\Users\andorus911\Documents\GitHub\messenger-main-repo\lib_for_my_proj\lib_for_my_proj\lib_for_my_proj.vcxproj" (rebuild target(s)).

Build succeeded.

Time Elapsed 00:00:03.94
