C:\USERS\ANDORUS911\DOCUMENTS\GITHUB\MESSENGER-MAIN-REPO\LIB_FOR_MY_PROJ\DEBUG\LIB_FOR_MY_PROJ.DLL
C:\Users\andorus911\Documents\GitHub\messenger-main-repo\lib_for_my_proj\Debug\lib_for_my_proj.exp
C:\USERS\ANDORUS911\DOCUMENTS\GITHUB\MESSENGER-MAIN-REPO\LIB_FOR_MY_PROJ\DEBUG\LIB_FOR_MY_PROJ.ILK
C:\Users\andorus911\Documents\GitHub\messenger-main-repo\lib_for_my_proj\Debug\lib_for_my_proj.lib
C:\USERS\ANDORUS911\DOCUMENTS\GITHUB\MESSENGER-MAIN-REPO\LIB_FOR_MY_PROJ\DEBUG\LIB_FOR_MY_PROJ.PDB
c:\Users\andorus911\Documents\GitHub\messenger-main-repo\lib_for_my_proj\lib_for_my_proj\Debug\cl.command.1.tlog
c:\Users\andorus911\Documents\GitHub\messenger-main-repo\lib_for_my_proj\lib_for_my_proj\Debug\CL.read.1.tlog
c:\Users\andorus911\Documents\GitHub\messenger-main-repo\lib_for_my_proj\lib_for_my_proj\Debug\CL.write.1.tlog
C:\USERS\ANDORUS911\DOCUMENTS\GITHUB\MESSENGER-MAIN-REPO\LIB_FOR_MY_PROJ\LIB_FOR_MY_PROJ\DEBUG\LIB_FOR_MY_PROJ.DLL.EMBED.MANIFEST
C:\USERS\ANDORUS911\DOCUMENTS\GITHUB\MESSENGER-MAIN-REPO\LIB_FOR_MY_PROJ\LIB_FOR_MY_PROJ\DEBUG\LIB_FOR_MY_PROJ.DLL.EMBED.MANIFEST.RES
C:\USERS\ANDORUS911\DOCUMENTS\GITHUB\MESSENGER-MAIN-REPO\LIB_FOR_MY_PROJ\LIB_FOR_MY_PROJ\DEBUG\LIB_FOR_MY_PROJ.DLL.INTERMEDIATE.MANIFEST
C:\USERS\ANDORUS911\DOCUMENTS\GITHUB\MESSENGER-MAIN-REPO\LIB_FOR_MY_PROJ\LIB_FOR_MY_PROJ\DEBUG\LIB_FOR_MY_PROJ.OBJ
c:\Users\andorus911\Documents\GitHub\messenger-main-repo\lib_for_my_proj\lib_for_my_proj\Debug\lib_for_my_proj.write.1.tlog
c:\Users\andorus911\Documents\GitHub\messenger-main-repo\lib_for_my_proj\lib_for_my_proj\Debug\lib_for_my_proj_manifest.rc
c:\Users\andorus911\Documents\GitHub\messenger-main-repo\lib_for_my_proj\lib_for_my_proj\Debug\link.2452.read.1.tlog
c:\Users\andorus911\Documents\GitHub\messenger-main-repo\lib_for_my_proj\lib_for_my_proj\Debug\link.2452.write.1.tlog
c:\Users\andorus911\Documents\GitHub\messenger-main-repo\lib_for_my_proj\lib_for_my_proj\Debug\link.2452-cvtres.read.1.tlog
c:\Users\andorus911\Documents\GitHub\messenger-main-repo\lib_for_my_proj\lib_for_my_proj\Debug\link.2452-cvtres.write.1.tlog
c:\Users\andorus911\Documents\GitHub\messenger-main-repo\lib_for_my_proj\lib_for_my_proj\Debug\link.command.1.tlog
c:\Users\andorus911\Documents\GitHub\messenger-main-repo\lib_for_my_proj\lib_for_my_proj\Debug\link.read.1.tlog
c:\Users\andorus911\Documents\GitHub\messenger-main-repo\lib_for_my_proj\lib_for_my_proj\Debug\link.write.1.tlog
c:\Users\andorus911\Documents\GitHub\messenger-main-repo\lib_for_my_proj\lib_for_my_proj\Debug\link-cvtres.read.1.tlog
c:\Users\andorus911\Documents\GitHub\messenger-main-repo\lib_for_my_proj\lib_for_my_proj\Debug\link-cvtres.write.1.tlog
c:\Users\andorus911\Documents\GitHub\messenger-main-repo\lib_for_my_proj\lib_for_my_proj\Debug\mt.command.1.tlog
c:\Users\andorus911\Documents\GitHub\messenger-main-repo\lib_for_my_proj\lib_for_my_proj\Debug\mt.read.1.tlog
c:\Users\andorus911\Documents\GitHub\messenger-main-repo\lib_for_my_proj\lib_for_my_proj\Debug\mt.write.1.tlog
c:\Users\andorus911\Documents\GitHub\messenger-main-repo\lib_for_my_proj\lib_for_my_proj\Debug\rc.command.1.tlog
c:\Users\andorus911\Documents\GitHub\messenger-main-repo\lib_for_my_proj\lib_for_my_proj\Debug\rc.read.1.tlog
c:\Users\andorus911\Documents\GitHub\messenger-main-repo\lib_for_my_proj\lib_for_my_proj\Debug\rc.write.1.tlog
c:\Users\andorus911\Documents\GitHub\messenger-main-repo\lib_for_my_proj\lib_for_my_proj\Debug\vc100.idb
C:\USERS\ANDORUS911\DOCUMENTS\GITHUB\MESSENGER-MAIN-REPO\LIB_FOR_MY_PROJ\LIB_FOR_MY_PROJ\DEBUG\VC100.PDB
