Build started 7/11/2013 12:55:08 PM.
     1>Project "c:\Users\andorus911\Documents\GitHub\messenger-main-repo\client _pm_v01\client _pm_v01\client _pm_v01.vcxproj" on node 2 (build target(s)).
     1>InitializeBuildStatus:
         Creating "Debug\client _pm_v01.unsuccessfulbuild" because "AlwaysCreate" was specified.
       ClCompile:
         C:\Program Files\Microsoft Visual Studio 10.0\VC\bin\CL.exe /c /ZI /nologo /W3 /WX- /Od /Oy- /D WIN32 /D _DEBUG /D _CONSOLE /D _UNICODE /D UNICODE /Gm /EHsc /RTC1 /MDd /GS /fp:precise /Zc:wchar_t /Zc:forScope /Fo"Debug\\" /Fd"Debug\vc100.pdb" /Gd /TP /analyze- /errorReport:prompt main.cpp
         main.cpp
     1>c:\users\andorus911\documents\github\messenger-main-repo\client _pm_v01\client _pm_v01\main.cpp(53): warning C4996: 'strcat': This function or variable may be unsafe. Consider using strcat_s instead. To disable deprecation, use _CRT_SECURE_NO_WARNINGS. See online help for details.
                 c:\program files\microsoft visual studio 10.0\vc\include\string.h(110) : see declaration of 'strcat'
     1>c:\users\andorus911\documents\github\messenger-main-repo\client _pm_v01\client _pm_v01\main.cpp(69): warning C4101: 'nsize' : unreferenced local variable
       ManifestResourceCompile:
         All outputs are up-to-date.
       Link:
         C:\Program Files\Microsoft Visual Studio 10.0\VC\bin\link.exe /ERRORREPORT:PROMPT /OUT:"C:\Users\andorus911\Documents\GitHub\messenger-main-repo\client _pm_v01\Debug\client _pm_v01.exe" /INCREMENTAL /NOLOGO ws2_32.lib kernel32.lib user32.lib gdi32.lib winspool.lib comdlg32.lib advapi32.lib shell32.lib ole32.lib oleaut32.lib uuid.lib odbc32.lib odbccp32.lib kernel32.lib user32.lib gdi32.lib winspool.lib comdlg32.lib advapi32.lib shell32.lib ole32.lib oleaut32.lib uuid.lib odbc32.lib odbccp32.lib /MANIFEST /ManifestFile:"Debug\client _pm_v01.exe.intermediate.manifest" /MANIFESTUAC:"level='asInvoker' uiAccess='false'" /DEBUG /PDB:"C:\Users\andorus911\Documents\GitHub\messenger-main-repo\client _pm_v01\Debug\client _pm_v01.pdb" /SUBSYSTEM:CONSOLE /TLBID:1 /DYNAMICBASE /NXCOMPAT /IMPLIB:"C:\Users\andorus911\Documents\GitHub\messenger-main-repo\client _pm_v01\Debug\client _pm_v01.lib" /MACHINE:X86 "Debug\client _pm_v01.exe.embed.manifest.res"
         Debug\main.obj
       Manifest:
         C:\Program Files\Microsoft SDKs\Windows\v7.0A\bin\mt.exe /nologo /verbose /out:"Debug\client _pm_v01.exe.embed.manifest" /manifest "Debug\client _pm_v01.exe.intermediate.manifest"
         All outputs are up-to-date.
       LinkEmbedManifest:
         All outputs are up-to-date.
         client _pm_v01.vcxproj -> C:\Users\andorus911\Documents\GitHub\messenger-main-repo\client _pm_v01\Debug\client _pm_v01.exe
       FinalizeBuildStatus:
         Deleting file "Debug\client _pm_v01.unsuccessfulbuild".
         Touching "Debug\client _pm_v01.lastbuildstate".
     1>Done Building Project "c:\Users\andorus911\Documents\GitHub\messenger-main-repo\client _pm_v01\client _pm_v01\client _pm_v01.vcxproj" (build target(s)).

Build succeeded.

Time Elapsed 00:00:02.79
