c:\Users\andorus911\Documents\GitHub\messenger-main-repo\client _pm_v01\client _pm_v01\Debug\cl.command.1.tlog
c:\Users\andorus911\Documents\GitHub\messenger-main-repo\client _pm_v01\client _pm_v01\Debug\CL.read.1.tlog
c:\Users\andorus911\Documents\GitHub\messenger-main-repo\client _pm_v01\client _pm_v01\Debug\CL.write.1.tlog
C:\USERS\ANDORUS911\DOCUMENTS\GITHUB\MESSENGER-MAIN-REPO\CLIENT _PM_V01\CLIENT _PM_V01\DEBUG\CLIENT _PM_V01.EXE.EMBED.MANIFEST
C:\USERS\ANDORUS911\DOCUMENTS\GITHUB\MESSENGER-MAIN-REPO\CLIENT _PM_V01\CLIENT _PM_V01\DEBUG\CLIENT _PM_V01.EXE.EMBED.MANIFEST.RES
C:\USERS\ANDORUS911\DOCUMENTS\GITHUB\MESSENGER-MAIN-REPO\CLIENT _PM_V01\CLIENT _PM_V01\DEBUG\CLIENT _PM_V01.EXE.INTERMEDIATE.MANIFEST
c:\Users\andorus911\Documents\GitHub\messenger-main-repo\client _pm_v01\client _pm_v01\Debug\client _pm_v01_manifest.rc
c:\Users\andorus911\Documents\GitHub\messenger-main-repo\client _pm_v01\client _pm_v01\Debug\link.4280.read.1.tlog
c:\Users\andorus911\Documents\GitHub\messenger-main-repo\client _pm_v01\client _pm_v01\Debug\link.4280.write.1.tlog
c:\Users\andorus911\Documents\GitHub\messenger-main-repo\client _pm_v01\client _pm_v01\Debug\link.4280-cvtres.read.1.tlog
c:\Users\andorus911\Documents\GitHub\messenger-main-repo\client _pm_v01\client _pm_v01\Debug\link.4280-cvtres.write.1.tlog
c:\Users\andorus911\Documents\GitHub\messenger-main-repo\client _pm_v01\client _pm_v01\Debug\link.command.1.tlog
c:\Users\andorus911\Documents\GitHub\messenger-main-repo\client _pm_v01\client _pm_v01\Debug\link.read.1.tlog
c:\Users\andorus911\Documents\GitHub\messenger-main-repo\client _pm_v01\client _pm_v01\Debug\link.write.1.tlog
c:\Users\andorus911\Documents\GitHub\messenger-main-repo\client _pm_v01\client _pm_v01\Debug\link-cvtres.read.1.tlog
c:\Users\andorus911\Documents\GitHub\messenger-main-repo\client _pm_v01\client _pm_v01\Debug\link-cvtres.write.1.tlog
C:\USERS\ANDORUS911\DOCUMENTS\GITHUB\MESSENGER-MAIN-REPO\CLIENT _PM_V01\CLIENT _PM_V01\DEBUG\MAIN.OBJ
c:\Users\andorus911\Documents\GitHub\messenger-main-repo\client _pm_v01\client _pm_v01\Debug\mt.command.1.tlog
c:\Users\andorus911\Documents\GitHub\messenger-main-repo\client _pm_v01\client _pm_v01\Debug\mt.read.1.tlog
c:\Users\andorus911\Documents\GitHub\messenger-main-repo\client _pm_v01\client _pm_v01\Debug\mt.write.1.tlog
c:\Users\andorus911\Documents\GitHub\messenger-main-repo\client _pm_v01\client _pm_v01\Debug\rc.command.1.tlog
c:\Users\andorus911\Documents\GitHub\messenger-main-repo\client _pm_v01\client _pm_v01\Debug\rc.read.1.tlog
c:\Users\andorus911\Documents\GitHub\messenger-main-repo\client _pm_v01\client _pm_v01\Debug\rc.write.1.tlog
c:\Users\andorus911\Documents\GitHub\messenger-main-repo\client _pm_v01\client _pm_v01\Debug\vc100.idb
C:\USERS\ANDORUS911\DOCUMENTS\GITHUB\MESSENGER-MAIN-REPO\CLIENT _PM_V01\CLIENT _PM_V01\DEBUG\VC100.PDB
C:\USERS\ANDORUS911\DOCUMENTS\GITHUB\MESSENGER-MAIN-REPO\CLIENT _PM_V01\DEBUG\CLIENT _PM_V01.EXE
C:\USERS\ANDORUS911\DOCUMENTS\GITHUB\MESSENGER-MAIN-REPO\CLIENT _PM_V01\DEBUG\CLIENT _PM_V01.ILK
C:\USERS\ANDORUS911\DOCUMENTS\GITHUB\MESSENGER-MAIN-REPO\CLIENT _PM_V01\DEBUG\CLIENT _PM_V01.PDB
