Build started 7/12/2013 3:08:51 PM.
     1>Project "c:\Users\andorus911\Documents\GitHub\messenger-main-repo\server_pm_v01\server_pm_v01\server_pm_v01.vcxproj" on node 2 (build target(s)).
     1>InitializeBuildStatus:
         Creating "Debug\server_pm_v01.unsuccessfulbuild" because "AlwaysCreate" was specified.
       ClCompile:
         C:\Program Files\Microsoft Visual Studio 10.0\VC\bin\CL.exe /c /ZI /nologo /W3 /WX- /Od /Oy- /D WIN32 /D _DEBUG /D _CONSOLE /D _UNICODE /D UNICODE /Gm /EHsc /RTC1 /MDd /GS /fp:precise /Zc:wchar_t /Zc:forScope /Fo"Debug\\" /Fd"Debug\vc100.pdb" /Gd /TP /analyze- /errorReport:prompt main.cpp
         main.cpp
     1>c:\users\andorus911\documents\github\messenger-main-repo\server_pm_v01\server_pm_v01\main.cpp(166): warning C4996: 'strcpy': This function or variable may be unsafe. Consider using strcpy_s instead. To disable deprecation, use _CRT_SECURE_NO_WARNINGS. See online help for details.
                 c:\program files\microsoft visual studio 10.0\vc\include\string.h(105) : see declaration of 'strcpy'
       ManifestResourceCompile:
         All outputs are up-to-date.
       Link:
         C:\Program Files\Microsoft Visual Studio 10.0\VC\bin\link.exe /ERRORREPORT:PROMPT /OUT:"C:\Users\andorus911\Documents\GitHub\messenger-main-repo\server_pm_v01\Debug\server_pm_v01.exe" /INCREMENTAL /NOLOGO ws2_32.lib kernel32.lib user32.lib gdi32.lib winspool.lib comdlg32.lib advapi32.lib shell32.lib ole32.lib oleaut32.lib uuid.lib odbc32.lib odbccp32.lib kernel32.lib user32.lib gdi32.lib winspool.lib comdlg32.lib advapi32.lib shell32.lib ole32.lib oleaut32.lib uuid.lib odbc32.lib odbccp32.lib /DEF:"lib_for_my_proj.def" /MANIFEST /ManifestFile:"Debug\server_pm_v01.exe.intermediate.manifest" /MANIFESTUAC:"level='asInvoker' uiAccess='false'" /DEBUG /PDB:"C:\Users\andorus911\Documents\GitHub\messenger-main-repo\server_pm_v01\Debug\server_pm_v01.pdb" /SUBSYSTEM:CONSOLE /TLBID:1 /DYNAMICBASE /NXCOMPAT /IMPLIB:"C:\Users\andorus911\Documents\GitHub\messenger-main-repo\server_pm_v01\Debug\server_pm_v01.lib" /MACHINE:X86 Debug\server_pm_v01.exe.embed.manifest.res
         Debug\main.obj
            Creating library C:\Users\andorus911\Documents\GitHub\messenger-main-repo\server_pm_v01\Debug\server_pm_v01.lib and object C:\Users\andorus911\Documents\GitHub\messenger-main-repo\server_pm_v01\Debug\server_pm_v01.exp
       Manifest:
         C:\Program Files\Microsoft SDKs\Windows\v7.0A\bin\mt.exe /nologo /verbose /out:"Debug\server_pm_v01.exe.embed.manifest" /manifest Debug\server_pm_v01.exe.intermediate.manifest
         All outputs are up-to-date.
       LinkEmbedManifest:
         All outputs are up-to-date.
         server_pm_v01.vcxproj -> C:\Users\andorus911\Documents\GitHub\messenger-main-repo\server_pm_v01\Debug\server_pm_v01.exe
       FinalizeBuildStatus:
         Deleting file "Debug\server_pm_v01.unsuccessfulbuild".
         Touching "Debug\server_pm_v01.lastbuildstate".
     1>Done Building Project "c:\Users\andorus911\Documents\GitHub\messenger-main-repo\server_pm_v01\server_pm_v01\server_pm_v01.vcxproj" (build target(s)).

Build succeeded.

Time Elapsed 00:00:03.59
